
/home/runner/work/exp-csma-ca-iiith/exp-csma-ca-iiith/experiment/simulation/js/main1.js
    8:5   warning  'chnow' is assigned a value but never used     no-unused-vars
  168:10  warning  'sendframe' is defined but never used          no-unused-vars
  184:5   warning  'sendtime' is assigned a value but never used  no-unused-vars
  195:3   warning  'channel_busy' is not defined                  no-undef
  208:3   warning  'channel_busy' is not defined                  no-undef
  218:1   warning  '$' is not defined                             no-undef
  219:3   warning  '$' is not defined                             no-undef

/home/runner/work/exp-csma-ca-iiith/exp-csma-ca-iiith/experiment/simulation/js/main1a.js
    8:5   warning  'chnow' is assigned a value but never used     no-unused-vars
  168:10  warning  'sendframe' is defined but never used          no-unused-vars
  190:5   warning  'sendtime' is assigned a value but never used  no-unused-vars
  201:3   warning  'channel_busy' is not defined                  no-undef
  214:3   warning  'channel_busy' is not defined                  no-undef
  223:1   warning  '$' is not defined                             no-undef
  224:3   warning  '$' is not defined                             no-undef

/home/runner/work/exp-csma-ca-iiith/exp-csma-ca-iiith/experiment/simulation/js/main2.js
   86:5   warning  'dw1' is not defined                           no-undef
   87:5   warning  'dw2' is not defined                           no-undef
   88:5   warning  'dw3' is not defined                           no-undef
   89:5   warning  'dw4' is not defined                           no-undef
   90:5   warning  'dw5' is not defined                           no-undef
   95:5   warning  'dw1' is not defined                           no-undef
   96:5   warning  'dw2' is not defined                           no-undef
   97:5   warning  'dw3' is not defined                           no-undef
   98:5   warning  'dw4' is not defined                           no-undef
   99:5   warning  'dw5' is not defined                           no-undef
  104:5   warning  'dw1' is not defined                           no-undef
  105:5   warning  'dw2' is not defined                           no-undef
  106:5   warning  'dw3' is not defined                           no-undef
  107:5   warning  'dw4' is not defined                           no-undef
  108:5   warning  'dw5' is not defined                           no-undef
  113:5   warning  'dw1' is not defined                           no-undef
  114:5   warning  'dw2' is not defined                           no-undef
  115:5   warning  'dw3' is not defined                           no-undef
  116:5   warning  'dw4' is not defined                           no-undef
  117:5   warning  'dw5' is not defined                           no-undef
  122:5   warning  'dw1' is not defined                           no-undef
  123:5   warning  'dw2' is not defined                           no-undef
  124:5   warning  'dw3' is not defined                           no-undef
  125:5   warning  'dw4' is not defined                           no-undef
  126:5   warning  'dw5' is not defined                           no-undef
  131:5   warning  'dw1' is not defined                           no-undef
  132:5   warning  'dw2' is not defined                           no-undef
  133:5   warning  'dw3' is not defined                           no-undef
  134:5   warning  'dw4' is not defined                           no-undef
  135:5   warning  'dw5' is not defined                           no-undef
  146:7   warning  'channel_busy' is not defined                  no-undef
  148:5   warning  'displaybox' is not defined                    no-undef
  152:5   warning  'displaybox' is not defined                    no-undef
  157:10  warning  'sendframe' is defined but never used          no-unused-vars
  168:5   warning  'sendtime' is assigned a value but never used  no-unused-vars
  180:3   warning  'channel_busy' is not defined                  no-undef
  194:3   warning  'channel_busy' is not defined                  no-undef
  203:1   warning  '$' is not defined                             no-undef
  204:3   warning  '$' is not defined                             no-undef

/home/runner/work/exp-csma-ca-iiith/exp-csma-ca-iiith/experiment/simulation/js/main3.js
    9:5   warning  'chnow' is assigned a value but never used     no-unused-vars
  187:10  warning  'backoff' is defined but never used            no-unused-vars
  192:10  warning  'sendframe' is defined but never used          no-unused-vars
  204:5   warning  'sendtime' is assigned a value but never used  no-unused-vars
  215:3   warning  'channel_busy' is not defined                  no-undef
  228:3   warning  'channel_busy' is not defined                  no-undef
  238:1   warning  '$' is not defined                             no-undef
  239:3   warning  '$' is not defined                             no-undef

/home/runner/work/exp-csma-ca-iiith/exp-csma-ca-iiith/experiment/simulation/js/main4.js
    9:5   warning  'stopbotvar' is assigned a value but never used   no-unused-vars
  174:10  warning  'startbot' is defined but never used              no-unused-vars
  186:10  warning  'stopbot' is defined but never used               no-unused-vars
  203:5   warning  'backoffrand' is assigned a value but never used  no-unused-vars
  214:10  warning  'channelstatus' is defined but never used         no-unused-vars
  287:10  warning  'sendrts' is defined but never used               no-unused-vars
  304:10  warning  'startbackoff' is defined but never used          no-unused-vars
  338:10  warning  'waitifs' is defined but never used               no-unused-vars
  379:10  warning  'sendframe' is defined but never used             no-unused-vars
  445:1   warning  '$' is not defined                                no-undef
  446:3   warning  '$' is not defined                                no-undef

✖ 72 problems (0 errors, 72 warnings)

